<?xml version="1.0" encoding="UTF-8"?>
<!-- Generated by org.testng.reporters.JUnitXMLReporter -->
<testsuite ignored="1" hostname="DESKTOP-CL01NSE" failures="1" tests="4" name="ChromeTest" time="38.11" errors="0" timestamp="2022-09-21T16:46:43 IST">
  <testcase classname="flipCart.VerifyWatchTNG" name="forgottenAccount" time="4.118"/>
  <testcase classname="flipCart.VerifyRoomsPage" name="verifyContactToHelpCenterButton" time="2.247">
    <failure type="java.lang.AssertionError" message="The following asserts failed:
	Messenger help Centre Title found expected [Messenger help`Centre] but found [Messenger Help Centre]">
      <![CDATA[java.lang.AssertionError: The following asserts failed:
Messenger help Centre Title found expected [Messenger help`Centre] but found [Messenger Help Centre]
at flipCart.VerifyRoomsPage.verifyContactToHelpCenterButton(VerifyRoomsPage.java:123)
at java.base/java.util.concurrent.ThreadPoolExecutor.runWorker(ThreadPoolExecutor.java:1136)
at java.base/java.util.concurrent.ThreadPoolExecutor$Worker.run(ThreadPoolExecutor.java:635)
at java.base/java.lang.Thread.run(Thread.java:833)
... Removed 12 stack frames]]>
    </failure>
  </testcase> <!-- verifyContactToHelpCenterButton -->
  <testcase classname="flipCart.VerifyWatchTNG" name="openLive" time="4.481"/>
  <testcase classname="flipCart.VerifyRoomsPage" name="verifyGoBackToMessengerButton" time="4.194"/>
  <testcase classname="flipCart.VerifyRoomsPage" name="test" time="0.0">
    <ignored/>
  </testcase> <!-- test -->
</testsuite> <!-- ChromeTest -->
