<?xml version="1.0" encoding="UTF-8"?>
<!-- Generated by org.testng.reporters.JUnitXMLReporter -->
<testsuite ignored="1" hostname="DESKTOP-CL01NSE" failures="0" tests="4" name="Test" time="0.279" errors="0" timestamp="2022-09-19T09:11:51 IST">
  <testcase classname="flipCart.VerifyRoomsPage" name="@BeforeTest launchBrowser" time="-1.663558911026E9">
    <failure type="org.testng.TestNGException" message="
Parameter &amp;apos;browser&amp;apos; is required by BeforeTest on method launchBrowser but has not been marked @Optional or defined
in C:\Users\HP\eclipse-workspace\FlipcartAutomation\testng.xml">
      <![CDATA[org.testng.TestNGException: 
Parameter 'browser' is required by BeforeTest on method launchBrowser but has not been marked @Optional or defined
in C:\Users\HP\eclipse-workspace\FlipcartAutomation\testng.xml
... Removed 21 stack frames]]>
    </failure>
  </testcase> <!-- @BeforeTest launchBrowser -->
  <testcase classname="flipCart.VerifyWatchTNG" name="@BeforeTest launchBrowser" time="-1.663558911062E9">
    <skipped/>
  </testcase> <!-- @BeforeTest launchBrowser -->
  <testcase classname="flipCart.VerifyRoomsPage" name="@BeforeClass createPOMObjects" time="-1.663558911118E9">
    <skipped/>
  </testcase> <!-- @BeforeClass createPOMObjects -->
  <testcase classname="flipCart.VerifyRoomsPage" name="@BeforeMethod openRoomsPage" time="-1.663558911145E9">
    <skipped/>
  </testcase> <!-- @BeforeMethod openRoomsPage -->
  <testcase classname="flipCart.VerifyRoomsPage" name="@AfterMethod logoutFromApplication" time="-1.663558911168E9">
    <skipped/>
  </testcase> <!-- @AfterMethod logoutFromApplication -->
  <testcase classname="flipCart.VerifyRoomsPage" name="@BeforeMethod openRoomsPage" time="-1.663558911185E9">
    <skipped/>
  </testcase> <!-- @BeforeMethod openRoomsPage -->
  <testcase classname="flipCart.VerifyRoomsPage" name="@AfterMethod logoutFromApplication" time="-1.663558911208E9">
    <skipped/>
  </testcase> <!-- @AfterMethod logoutFromApplication -->
  <testcase classname="flipCart.VerifyRoomsPage" name="@AfterClass closedBrowser" time="-1.663558911212E9">
    <skipped/>
  </testcase> <!-- @AfterClass closedBrowser -->
  <testcase classname="flipCart.VerifyWatchTNG" name="@BeforeClass createPOMObjects" time="-1.663558911231E9">
    <skipped/>
  </testcase> <!-- @BeforeClass createPOMObjects -->
  <testcase classname="flipCart.VerifyWatchTNG" name="@BeforeMethod openWatchPage" time="-1.663558911237E9">
    <skipped/>
  </testcase> <!-- @BeforeMethod openWatchPage -->
  <testcase classname="flipCart.VerifyWatchTNG" name="@BeforeMethod openWatchPage" time="-1.663558911258E9">
    <skipped/>
  </testcase> <!-- @BeforeMethod openWatchPage -->
  <testcase classname="flipCart.VerifyRoomsPage" name="verifyContactToHelpCenterButton" time="0.001">
    <skipped/>
  </testcase> <!-- verifyContactToHelpCenterButton -->
  <testcase classname="flipCart.VerifyRoomsPage" name="verifyGoBackToMessengerButton" time="0.0">
    <skipped/>
  </testcase> <!-- verifyGoBackToMessengerButton -->
  <testcase classname="flipCart.VerifyWatchTNG" name="forgottenAccount" time="0.0">
    <skipped/>
  </testcase> <!-- forgottenAccount -->
  <testcase classname="flipCart.VerifyWatchTNG" name="openLive" time="0.0">
    <skipped/>
  </testcase> <!-- openLive -->
  <testcase classname="flipCart.VerifyRoomsPage" name="test" time="0.0">
    <ignored/>
  </testcase> <!-- test -->
</testsuite> <!-- Test -->
